[0.012s] Invoking command in '/home/bigdavid/EPSILON_ws/build/phy_simulator': CMAKE_PREFIX_PATH=/home/bigdavid/EPSILON_ws/install/vehicle_msgs:/home/bigdavid/EPSILON_ws/install/vehicle_model:/home/bigdavid/EPSILON_ws/install/common:/home/bigdavid/EPSILON_ws/install/planning_integrated:/home/bigdavid/EPSILON_ws/install/ssc_planner:/home/bigdavid/EPSILON_ws/install/eudm_planner:/home/bigdavid/EPSILON_ws/install/ai_agent_planner:/home/bigdavid/EPSILON_ws/install/behavior_planner:/home/bigdavid/EPSILON_ws/install/route_planner:/home/bigdavid/EPSILON_ws/install/semantic_map_manager:/home/bigdavid/EPSILON_ws/install/phy_simulator:/home/bigdavid/EPSILON_ws/install/aux_tools:/home/bigdavid/EPSILON_ws/install/motion_predictor:/home/bigdavid/EPSILON_ws/install/forward_simulator:/home/bigdavid/EPSILON_ws/install/utm_to_car_transform:/home/bigdavid/EPSILON_ws/install/playgrounds:/opt/ros/humble LD_LIBRARY_PATH=/home/bigdavid/EPSILON_ws/install/vehicle_msgs/lib:/home/bigdavid/EPSILON_ws/install/ssc_planner/lib:/home/bigdavid/EPSILON_ws/install/eudm_planner/lib:/home/bigdavid/EPSILON_ws/install/behavior_planner/lib:/home/bigdavid/EPSILON_ws/install/route_planner/lib:/home/bigdavid/EPSILON_ws/install/semantic_map_manager/lib:/home/bigdavid/EPSILON_ws/install/phy_simulator/lib:/home/bigdavid/EPSILON_ws/install/motion_predictor/lib:/home/bigdavid/EPSILON_ws/install/forward_simulator/lib:/home/bigdavid/EPSILON_ws/install/vehicle_model/lib:/home/bigdavid/EPSILON_ws/install/common/lib:/usr/local/lib:/usr/local/cuda/lib64:/usr/local/lib:/usr/lib/x86_64-linux-gnu/gazebo-11/plugins:/opt/ros/humble/opt/rviz_ogre_vendor/lib:/opt/ros/humble/lib/x86_64-linux-gnu:/opt/ros/humble/lib:/usr/local/cuda/lib64 /usr/bin/cmake --build /home/bigdavid/EPSILON_ws/build/phy_simulator -- -j32 -l32
[0.038s] [35m[1mConsolidate compiler generated dependencies of target phy_simulator_lib[0m
[0.053s] [ 42%] Built target phy_simulator_lib
[0.068s] [35m[1mConsolidate compiler generated dependencies of target phy_simulator_planning_node[0m
[0.092s] [ 57%] [32m[1mLinking CXX executable phy_simulator_planning_node[0m
[9.166s] gmake[2]: *** Ê≠£Âú®Âà†Èô§Êñá‰ª∂‚Äúphy_simulator_planning_node‚Äù
[9.167s] gmake[2]: *** [CMakeFiles/phy_simulator_planning_node.dir/build.make:2350: phy_simulator_planning_node] ‰∏≠Êñ≠
[9.167s] gmake[1]: *** [CMakeFiles/Makefile2:165: CMakeFiles/phy_simulator_planning_node.dir/all] ‰∏≠Êñ≠
[9.167s] gmake: *** [Makefile:146: all] ‰∏≠Êñ≠
